\BOOKMARK [0][-]{chapter.1}{About S3QL}{}% 1
\BOOKMARK [1][-]{section.1.1}{Features}{chapter.1}% 2
\BOOKMARK [1][-]{section.1.2}{Development Status}{chapter.1}% 3
\BOOKMARK [0][-]{chapter.2}{Installation}{}% 4
\BOOKMARK [1][-]{section.2.1}{Dependencies}{chapter.2}% 5
\BOOKMARK [1][-]{section.2.2}{Installing S3QL}{chapter.2}% 6
\BOOKMARK [1][-]{section.2.3}{Development Version}{chapter.2}% 7
\BOOKMARK [0][-]{chapter.3}{Storage Backends}{}% 8
\BOOKMARK [1][-]{section.3.1}{Google Storage}{chapter.3}% 9
\BOOKMARK [1][-]{section.3.2}{Amazon S3}{chapter.3}% 10
\BOOKMARK [1][-]{section.3.3}{OpenStack/Swift}{chapter.3}% 11
\BOOKMARK [1][-]{section.3.4}{RackSpace CloudFiles}{chapter.3}% 12
\BOOKMARK [1][-]{section.3.5}{S3 compatible}{chapter.3}% 13
\BOOKMARK [1][-]{section.3.6}{Local}{chapter.3}% 14
\BOOKMARK [0][-]{chapter.4}{Important Rules to Avoid Losing Data}{}% 15
\BOOKMARK [1][-]{section.4.1}{Rules in a Nutshell}{chapter.4}% 16
\BOOKMARK [1][-]{section.4.2}{Consistency Window List}{chapter.4}% 17
\BOOKMARK [1][-]{section.4.3}{Data Consistency}{chapter.4}% 18
\BOOKMARK [1][-]{section.4.4}{Data Durability}{chapter.4}% 19
\BOOKMARK [0][-]{chapter.5}{File System Creation}{}% 20
\BOOKMARK [0][-]{chapter.6}{Managing File Systems}{}% 21
\BOOKMARK [1][-]{section.6.1}{Changing the Passphrase}{chapter.6}% 22
\BOOKMARK [1][-]{section.6.2}{Upgrading the file system}{chapter.6}% 23
\BOOKMARK [1][-]{section.6.3}{Deleting a file system}{chapter.6}% 24
\BOOKMARK [1][-]{section.6.4}{Restoring Metadata Backups}{chapter.6}% 25
\BOOKMARK [0][-]{chapter.7}{Mounting}{}% 26
\BOOKMARK [1][-]{section.7.1}{Compression Algorithms}{chapter.7}% 27
\BOOKMARK [1][-]{section.7.2}{Notes about Caching}{chapter.7}% 28
\BOOKMARK [1][-]{section.7.3}{Automatic Mounting}{chapter.7}% 29
\BOOKMARK [0][-]{chapter.8}{Advanced S3QL Features}{}% 30
\BOOKMARK [1][-]{section.8.1}{Snapshotting and Copy-on-Write}{chapter.8}% 31
\BOOKMARK [1][-]{section.8.2}{Getting Statistics}{chapter.8}% 32
\BOOKMARK [1][-]{section.8.3}{Immutable Trees}{chapter.8}% 33
\BOOKMARK [1][-]{section.8.4}{Fast Recursive Removal}{chapter.8}% 34
\BOOKMARK [1][-]{section.8.5}{Runtime Configuration}{chapter.8}% 35
\BOOKMARK [0][-]{chapter.9}{Unmounting}{}% 36
\BOOKMARK [0][-]{chapter.10}{Checking for Errors}{}% 37
\BOOKMARK [0][-]{chapter.11}{Storing Authentication Information}{}% 38
\BOOKMARK [0][-]{chapter.12}{Contributed Programs}{}% 39
\BOOKMARK [1][-]{section.12.1}{benchmark.py}{chapter.12}% 40
\BOOKMARK [1][-]{section.12.2}{s3\137copy.py}{chapter.12}% 41
\BOOKMARK [1][-]{section.12.3}{pcp.py}{chapter.12}% 42
\BOOKMARK [1][-]{section.12.4}{s3\137backup.sh}{chapter.12}% 43
\BOOKMARK [1][-]{section.12.5}{expire\137backups.py}{chapter.12}% 44
\BOOKMARK [1][-]{section.12.6}{s3ql\137upstart.conf}{chapter.12}% 45
\BOOKMARK [0][-]{chapter.13}{Tips \046 Tricks}{}% 46
\BOOKMARK [1][-]{section.13.1}{SSH Backend}{chapter.13}% 47
\BOOKMARK [1][-]{section.13.2}{Permanently mounted backup file system}{chapter.13}% 48
\BOOKMARK [1][-]{section.13.3}{Improving copy performance}{chapter.13}% 49
\BOOKMARK [0][-]{chapter.14}{Known Issues}{}% 50
\BOOKMARK [0][-]{chapter.15}{Manpages}{}% 51
\BOOKMARK [1][-]{section.15.1}{The mkfs.s3ql command}{chapter.15}% 52
\BOOKMARK [1][-]{section.15.2}{The s3qladm command}{chapter.15}% 53
\BOOKMARK [1][-]{section.15.3}{The mount.s3ql command}{chapter.15}% 54
\BOOKMARK [1][-]{section.15.4}{The s3qlstat command}{chapter.15}% 55
\BOOKMARK [1][-]{section.15.5}{The s3qlctrl command}{chapter.15}% 56
\BOOKMARK [1][-]{section.15.6}{The s3qlcp command}{chapter.15}% 57
\BOOKMARK [1][-]{section.15.7}{The s3qlrm command}{chapter.15}% 58
\BOOKMARK [1][-]{section.15.8}{The s3qllock command}{chapter.15}% 59
\BOOKMARK [1][-]{section.15.9}{The umount.s3ql command}{chapter.15}% 60
\BOOKMARK [1][-]{section.15.10}{The fsck.s3ql command}{chapter.15}% 61
\BOOKMARK [1][-]{section.15.11}{The pcp command}{chapter.15}% 62
\BOOKMARK [1][-]{section.15.12}{The expire\137backups command}{chapter.15}% 63
\BOOKMARK [0][-]{chapter.16}{Further Resources / Getting Help}{}% 64
\BOOKMARK [0][-]{chapter.17}{Implementation Details}{}% 65
\BOOKMARK [1][-]{section.17.1}{Metadata Storage}{chapter.17}% 66
\BOOKMARK [1][-]{section.17.2}{Data Storage}{chapter.17}% 67
\BOOKMARK [1][-]{section.17.3}{Data De-Duplication}{chapter.17}% 68
\BOOKMARK [1][-]{section.17.4}{Caching}{chapter.17}% 69
\BOOKMARK [1][-]{section.17.5}{Eventual Consistency Handling}{chapter.17}% 70
\BOOKMARK [1][-]{section.17.6}{Encryption}{chapter.17}% 71
